Сборка начата 28.12.2015 23:28:48.
     1>Проект "C:\Users\Андрей\Desktop\Покер осипова\prog\mental\mental\mental.vcxproj" в узле 2 (целевые объекты Build).
       Файл проекта содержит ToolsVersion="12.0". Возможно, этот набор инструментов неизвестен или отсутствует (в этом случае проблему можно устранить, установив подходящую версию MSBuild), либо для данной сборки определено конкретное значение ToolsVersion в параметрах политики. Проект обрабатывается как имеющий ToolsVersion="4.0". Дополнительные сведения см. по ссылке http://go.microsoft.com/fwlink/?LinkId=291333.
     1>ClCompile:
         C:\Program Files (x86)\Microsoft Visual Studio 11.0\VC\bin\CL.exe /c /ZI /nologo /W3 /WX- /sdl /Od /Oy- /D WIN32 /D _DEBUG /D _CONSOLE /D _LIB /D _UNICODE /D UNICODE /Gm /EHsc /RTC1 /MDd /GS /fp:precise /Zc:wchar_t /Zc:forScope /Fo"Debug\\" /Fd"Debug\vc110.pdb" /Gd /TP /analyze- /errorReport:prompt main.cpp
         main.cpp
     1>c:\users\андрей\desktop\покер осипова\prog\mental\mental\main.cpp(13): warning C4244: аргумент: преобразование "time_t" в "unsigned int", возможна потеря данных
     1>c:\users\андрей\desktop\покер осипова\prog\mental\mental\main.cpp(76): warning C4244: аргумент: преобразование "time_t" в "unsigned int", возможна потеря данных
     1>c:\users\андрей\desktop\покер осипова\prog\mental\mental\main.cpp(82): warning C4244: аргумент: преобразование "__int64" в "int", возможна потеря данных
     1>c:\users\андрей\desktop\покер осипова\prog\mental\mental\main.cpp(88): warning C4244: аргумент: преобразование "__int64" в "int", возможна потеря данных
     1>c:\users\андрей\desktop\покер осипова\prog\mental\mental\main.cpp(95): warning C4244: аргумент: преобразование "__int64" в "int", возможна потеря данных
     1>c:\users\андрей\desktop\покер осипова\prog\mental\mental\main.cpp(143): warning C4244: =: преобразование "__int64" в "int", возможна потеря данных
     1>c:\users\андрей\desktop\покер осипова\prog\mental\mental\main.cpp(147): warning C4244: =: преобразование "__int64" в "int", возможна потеря данных
     1>c:\users\андрей\desktop\покер осипова\prog\mental\mental\main.cpp(172): warning C4244: аргумент: преобразование "__int64" в "int", возможна потеря данных
     1>c:\users\андрей\desktop\покер осипова\prog\mental\mental\main.cpp(205): warning C4244: аргумент: преобразование "__int64" в "int", возможна потеря данных
     1>c:\users\андрей\desktop\покер осипова\prog\mental\mental\main.cpp(212): warning C4244: аргумент: преобразование "__int64" в "int", возможна потеря данных
     1>c:\users\андрей\desktop\покер осипова\prog\mental\mental\main.cpp(219): warning C4244: аргумент: преобразование "__int64" в "int", возможна потеря данных
     1>c:\users\андрей\desktop\покер осипова\prog\mental\mental\main.cpp(139): warning C4101: l: неиспользованная локальная переменная
       Link:
         C:\Program Files (x86)\Microsoft Visual Studio 11.0\VC\bin\link.exe /ERRORREPORT:PROMPT /OUT:"C:\Users\Андрей\Desktop\Покер осипова\prog\mental\Debug\mental.exe" /INCREMENTAL /NOLOGO kernel32.lib user32.lib gdi32.lib winspool.lib comdlg32.lib advapi32.lib shell32.lib ole32.lib oleaut32.lib uuid.lib odbc32.lib odbccp32.lib /MANIFEST /MANIFESTUAC:"level='asInvoker' uiAccess='false'" /manifest:embed /DEBUG /PDB:"C:\Users\Андрей\Desktop\Покер осипова\prog\mental\Debug\mental.pdb" /SUBSYSTEM:CONSOLE /TLBID:1 /DYNAMICBASE /NXCOMPAT /IMPLIB:"C:\Users\Андрей\Desktop\Покер осипова\prog\mental\Debug\mental.lib" /MACHINE:X86 Debug\main.obj
         mental.vcxproj -> C:\Users\Андрей\Desktop\Покер осипова\prog\mental\Debug\mental.exe
     1>Построение проекта "C:\Users\Андрей\Desktop\Покер осипова\prog\mental\mental\mental.vcxproj" завершено (целевые объекты Build).

Построение успешно завершено.

Затраченное время: 00:00:00.93
